DEBUG 2017-06-13 10:25:41,235: 	 Executing command: 'status'
DEBUG 2017-06-13 10:25:41,236: 	 Found CRAB cache file /uscms/home/mkrohn/.crab3
DEBUG 2017-06-13 10:25:41,260: 	 Checking credentials
DEBUG 2017-06-13 10:25:41,260: 	 Found proxy file /tmp/x509up_u47835
DEBUG 2017-06-13 10:25:41,260: 	 Getting proxy life time left
DEBUG 2017-06-13 10:25:41,463: 	 Executing : 
 command : voms-proxy-info -file /tmp/x509up_u47835 -timeleft
 output : 42187

 error: 
 retcode : 0
DEBUG 2017-06-13 10:25:41,666: 	 Executing : 
 command : voms-proxy-info -file /tmp/x509up_u47835 -actimeleft
 output : 42187

 error: 
 retcode : 0
DEBUG 2017-06-13 10:25:41,666: 	 Proxy valid for 11:43:07 hours
ERROR 2017-06-13 10:25:41,667: 	 Cannot find .requestcache file in CRAB project directory /uscms_data/d3/mkrohn/DAZSLE/HLT_Heppy_MichaelsFork/CMSSW_9_0_0/src/HLTNtuples/crab/crab_HLT_Ntuple_Hbb_Signal_v8_AODSIM_AK8_test
ERROR 2017-06-13 10:25:41,667: 	 Caught exception
Traceback (most recent call last):
  File "/cvmfs/cms.cern.ch/crab3/slc6_amd64_gcc493/cms/crabclient/3.3.1705.patch6/bin/crab", line 160, in <module>
    client()
  File "/cvmfs/cms.cern.ch/crab3/slc6_amd64_gcc493/cms/crabclient/3.3.1705.patch6/bin/crab", line 146, in __call__
    self.cmd = sub_cmd(self.logger, args[1:])
  File "/cvmfs/cms.cern.ch/crab3/slc6_amd64_gcc493/cms/crabclient/3.3.1705.patch6/lib/python2.7/site-packages/CRABClient/Commands/status.py", line 37, in __init__
    SubCommand.__init__(self, logger, cmdargs)
  File "/cvmfs/cms.cern.ch/crab3/slc6_amd64_gcc493/cms/crabclient/3.3.1705.patch6/lib/python2.7/site-packages/CRABClient/Commands/SubCommand.py", line 321, in __init__
    self.loadLocalCache(proxyOptsSetPlace)
  File "/cvmfs/cms.cern.ch/crab3/slc6_amd64_gcc493/cms/crabclient/3.3.1705.patch6/lib/python2.7/site-packages/CRABClient/Commands/SubCommand.py", line 450, in loadLocalCache
    raise ex
CachefileNotFoundException: Cannot find .requestcache file in CRAB project directory /uscms_data/d3/mkrohn/DAZSLE/HLT_Heppy_MichaelsFork/CMSSW_9_0_0/src/HLTNtuples/crab/crab_HLT_Ntuple_Hbb_Signal_v8_AODSIM_AK8_test
DEBUG 2017-06-14 15:46:36,898: 	 Executing command: 'submit'
DEBUG 2017-06-14 15:46:37,108: 	 Found CRAB cache file /uscms/home/mkrohn/.crab3
DEBUG 2017-06-14 15:46:37,120: 	 Checking credentials
DEBUG 2017-06-14 15:46:37,120: 	 Found proxy file /tmp/x509up_u47835
DEBUG 2017-06-14 15:46:37,120: 	 Getting proxy life time left
DEBUG 2017-06-14 15:46:37,222: 	 Executing : 
 command : voms-proxy-info -file /tmp/x509up_u47835 -timeleft
 output : 0

 error: 
 retcode : 0
DEBUG 2017-06-14 15:46:37,223: 	 Proxy valid for 00:00:00 hours
DEBUG 2017-06-14 15:46:37,223: 	 Creating new proxy for 24:00 hours with VO group '' and VO role 'NULL'.
DEBUG 2017-06-14 15:46:47,342: 	 Executing : 
 command : voms-proxy-init -voms cms:/cms -valid 24:00 -rfc
 output : None
 error: None
 retcode : 3
DEBUG 2017-06-14 15:46:47,445: 	 Executing : 
 command : voms-proxy-info -file /tmp/x509up_u47835 -timeleft
 output : 0

 error: 
 retcode : 0
DEBUG 2017-06-14 15:46:47,547: 	 Executing : 
 command : env X509_USER_PROXY=/tmp/x509up_u47835 voms-proxy-info -fqan
 output : /cms/Role=NULL/Capability=NULL

 error: 
 retcode : 0
DEBUG 2017-06-20 12:45:55,942: 	 Executing command: 'status'
DEBUG 2017-06-20 12:45:55,942: 	 Found CRAB cache file /uscms/home/mkrohn/.crab3
DEBUG 2017-06-20 12:45:55,948: 	 Checking credentials
DEBUG 2017-06-20 12:45:55,948: 	 Found proxy file /tmp/x509up_u47835
DEBUG 2017-06-20 12:45:55,948: 	 Getting proxy life time left
DEBUG 2017-06-20 12:45:56,050: 	 Executing : 
 command : voms-proxy-info -file /tmp/x509up_u47835 -timeleft
 output : 42665

 error: 
 retcode : 0
DEBUG 2017-06-20 12:45:56,153: 	 Executing : 
 command : voms-proxy-info -file /tmp/x509up_u47835 -actimeleft
 output : 42664

 error: 
 retcode : 0
DEBUG 2017-06-20 12:45:56,153: 	 Proxy valid for 11:51:05 hours
ERROR 2017-06-20 12:45:56,154: 	 Cannot find .requestcache file in CRAB project directory /uscms_data/d3/mkrohn/DAZSLE/HLT_Heppy_MichaelsFork/CMSSW_9_0_0/src/HLTNtuples/crab/crab_HLT_Ntuple_Hbb_Signal_v8_AODSIM_AK8SDMass_test
ERROR 2017-06-20 12:45:56,154: 	 Caught exception
Traceback (most recent call last):
  File "/cvmfs/cms.cern.ch/crab3/slc6_amd64_gcc493/cms/crabclient/3.3.1706/bin/crab", line 160, in <module>
    client()
  File "/cvmfs/cms.cern.ch/crab3/slc6_amd64_gcc493/cms/crabclient/3.3.1706/bin/crab", line 146, in __call__
    self.cmd = sub_cmd(self.logger, args[1:])
  File "/cvmfs/cms.cern.ch/crab3/slc6_amd64_gcc493/cms/crabclient/3.3.1706/lib/python2.7/site-packages/CRABClient/Commands/status.py", line 38, in __init__
    SubCommand.__init__(self, logger, cmdargs)
  File "/cvmfs/cms.cern.ch/crab3/slc6_amd64_gcc493/cms/crabclient/3.3.1706/lib/python2.7/site-packages/CRABClient/Commands/SubCommand.py", line 321, in __init__
    self.loadLocalCache(proxyOptsSetPlace)
  File "/cvmfs/cms.cern.ch/crab3/slc6_amd64_gcc493/cms/crabclient/3.3.1706/lib/python2.7/site-packages/CRABClient/Commands/SubCommand.py", line 450, in loadLocalCache
    raise ex
CachefileNotFoundException: Cannot find .requestcache file in CRAB project directory /uscms_data/d3/mkrohn/DAZSLE/HLT_Heppy_MichaelsFork/CMSSW_9_0_0/src/HLTNtuples/crab/crab_HLT_Ntuple_Hbb_Signal_v8_AODSIM_AK8SDMass_test
